This file contains any messages produced by compilers while
running configure, to aid debugging if configure makes a mistake.

It was created by g6k-kernel configure 0.1.2, which was
generated by GNU Autoconf 2.69.  Invocation command line was

  $ ./configure --no-create --no-recursion

## --------- ##
## Platform. ##
## --------- ##

hostname = summer-HP-EliteDesk-800-G5-SFF
uname -m = x86_64
uname -r = 5.15.0-97-generic
uname -s = Linux
uname -v = #107~20.04.1-Ubuntu SMP Fri Feb 9 14:20:11 UTC 2024

/usr/bin/uname -p = x86_64
/bin/uname -X     = unknown

/bin/arch              = x86_64
/usr/bin/arch -k       = unknown
/usr/convex/getsysinfo = unknown
/usr/bin/hostinfo      = unknown
/bin/machine           = unknown
/usr/bin/oslevel       = unknown
/bin/universe          = unknown

PATH: /home/summer/lattice-experiments/test-for-refined-lwe-estimator/g6k-env/bin
PATH: /home/summer/.local/bin
PATH: /usr/local/sbin
PATH: /usr/local/bin
PATH: /usr/sbin
PATH: /usr/bin
PATH: /sbin
PATH: /bin
PATH: /usr/games
PATH: /usr/local/games
PATH: /snap/bin


## ----------- ##
## Core tests. ##
## ----------- ##

configure:2332: checking build system type
configure:2346: result: x86_64-pc-linux-gnu
configure:2366: checking host system type
configure:2379: result: x86_64-pc-linux-gnu
configure:2401: checking whether to enable maintainer-specific portions of Makefiles
configure:2410: result: yes
configure:2441: checking for a BSD-compatible install
configure:2509: result: /usr/bin/install -c
configure:2520: checking whether build environment is sane
configure:2575: result: yes
configure:2724: checking for a thread-safe mkdir -p
configure:2763: result: /usr/bin/mkdir -p
configure:2770: checking for gawk
configure:2800: result: no
configure:2770: checking for mawk
configure:2786: found /usr/bin/mawk
configure:2797: result: mawk
configure:2808: checking whether make sets $(MAKE)
configure:2830: result: yes
configure:2859: checking whether make supports nested variables
configure:2876: result: yes
configure:3013: checking whether make supports nested variables
configure:3030: result: yes
configure:3129: checking how to print strings
configure:3156: result: printf
configure:3181: checking whether make supports the include directive
configure:3196: make -f confmf.GNU && cat confinc.out
make[1]: Entering directory '/home/summer/lattice-experiments/test-for-refined-lwe-estimator'
make[1]: Leaving directory '/home/summer/lattice-experiments/test-for-refined-lwe-estimator'
this is the am__doit target
configure:3199: $? = 0
configure:3218: result: yes (GNU style)
configure:3288: checking for gcc
configure:3304: found /usr/bin/gcc
configure:3315: result: gcc
configure:3544: checking for C compiler version
configure:3553: gcc --version >&5
gcc (Ubuntu 8.4.0-3ubuntu2) 8.4.0
Copyright (C) 2018 Free Software Foundation, Inc.
This is free software; see the source for copying conditions.  There is NO
warranty; not even for MERCHANTABILITY or FITNESS FOR A PARTICULAR PURPOSE.

configure:3564: $? = 0
configure:3553: gcc -v >&5
Using built-in specs.
COLLECT_GCC=gcc
COLLECT_LTO_WRAPPER=/usr/lib/gcc/x86_64-linux-gnu/8/lto-wrapper
OFFLOAD_TARGET_NAMES=nvptx-none
OFFLOAD_TARGET_DEFAULT=1
Target: x86_64-linux-gnu
Configured with: ../src/configure -v --with-pkgversion='Ubuntu 8.4.0-3ubuntu2' --with-bugurl=file:///usr/share/doc/gcc-8/README.Bugs --enable-languages=c,ada,c++,go,brig,d,fortran,objc,obj-c++ --prefix=/usr --with-gcc-major-version-only --program-suffix=-8 --program-prefix=x86_64-linux-gnu- --enable-shared --enable-linker-build-id --libexecdir=/usr/lib --without-included-gettext --enable-threads=posix --libdir=/usr/lib --enable-nls --enable-bootstrap --enable-clocale=gnu --enable-libstdcxx-debug --enable-libstdcxx-time=yes --with-default-libstdcxx-abi=new --enable-gnu-unique-object --disable-vtable-verify --enable-libmpx --enable-plugin --enable-default-pie --with-system-zlib --with-target-system-zlib=auto --enable-objc-gc=auto --enable-multiarch --disable-werror --with-arch-32=i686 --with-abi=m64 --with-multilib-list=m32,m64,mx32 --enable-multilib --with-tune=generic --enable-offload-targets=nvptx-none --without-cuda-driver --enable-checking=release --build=x86_64-linux-gnu --host=x86_64-linux-gnu --target=x86_64-linux-gnu
Thread model: posix
gcc version 8.4.0 (Ubuntu 8.4.0-3ubuntu2) 
configure:3564: $? = 0
configure:3553: gcc -V >&5
gcc: error: unrecognized command line option '-V'
gcc: fatal error: no input files
compilation terminated.
configure:3564: $? = 1
configure:3553: gcc -qversion >&5
gcc: error: unrecognized command line option '-qversion'; did you mean '--version'?
gcc: fatal error: no input files
compilation terminated.
configure:3564: $? = 1
configure:3584: checking whether the C compiler works
configure:3606: gcc -g -O2   conftest.c  >&5
configure:3610: $? = 0
configure:3658: result: yes
configure:3661: checking for C compiler default output file name
configure:3663: result: a.out
configure:3669: checking for suffix of executables
configure:3676: gcc -o conftest -g -O2   conftest.c  >&5
configure:3680: $? = 0
configure:3702: result: 
configure:3724: checking whether we are cross compiling
configure:3732: gcc -o conftest -g -O2   conftest.c  >&5
configure:3736: $? = 0
configure:3743: ./conftest
configure:3747: $? = 0
configure:3735: result: no
configure:3740: checking for suffix of object files
configure:3762: gcc -c -g -O2  conftest.c >&5
configure:3766: $? = 0
configure:3787: result: o
configure:3791: checking whether we are using the GNU C compiler
configure:3810: gcc -c -g -O2  conftest.c >&5
configure:3810: $? = 0
configure:3819: result: yes
configure:3828: checking whether gcc accepts -g
configure:3848: gcc -c -g  conftest.c >&5
configure:3848: $? = 0
configure:3889: result: yes
configure:3906: checking for gcc option to accept ISO C89
configure:3969: gcc  -c -g -O2  conftest.c >&5
configure:3969: $? = 0
configure:3982: result: none needed
configure:4007: checking whether gcc understands -c and -o together
configure:4029: gcc -c conftest.c -o conftest2.o
configure:4032: $? = 0
configure:4029: gcc -c conftest.c -o conftest2.o
configure:4032: $? = 0
configure:4044: result: yes
configure:4063: checking dependency style of gcc
configure:4174: result: gcc3
configure:4189: checking for a sed that does not truncate output
configure:4253: result: /usr/bin/sed
configure:4271: checking for grep that handles long lines and -e
configure:4329: result: /usr/bin/grep
configure:4334: checking for egrep
configure:4396: result: /usr/bin/grep -E
configure:4401: checking for fgrep
configure:4463: result: /usr/bin/grep -F
configure:4498: checking for ld used by gcc
configure:4565: result: /usr/bin/ld
configure:4572: checking if the linker (/usr/bin/ld) is GNU ld
configure:4587: result: yes
configure:4599: checking for BSD- or MS-compatible name lister (nm)
configure:4653: result: /usr/bin/nm -B
configure:4783: checking the name lister (/usr/bin/nm -B) interface
configure:4790: gcc -c -g -O2  conftest.c >&5
configure:4793: /usr/bin/nm -B "conftest.o"
configure:4796: output
0000000000000000 B some_variable
configure:4797: result: BSD nm
configure:4800: checking whether ln -s works
configure:4804: result: yes
configure:4812: checking the maximum length of command line arguments
configure:4943: result: 1572864
configure:4991: checking how to convert x86_64-pc-linux-gnu file names to x86_64-pc-linux-gnu format
configure:5031: result: func_convert_file_noop
configure:5038: checking how to convert x86_64-pc-linux-gnu file names to toolchain format
configure:5058: result: func_convert_file_noop
configure:5065: checking for /usr/bin/ld option to reload object files
configure:5072: result: -r
configure:5146: checking for objdump
configure:5162: found /usr/bin/objdump
configure:5173: result: objdump
configure:5205: checking how to recognize dependent libraries
configure:5405: result: pass_all
configure:5490: checking for dlltool
configure:5520: result: no
configure:5550: checking how to associate runtime and link libraries
configure:5577: result: printf %s\n
configure:5638: checking for ar
configure:5654: found /usr/bin/ar
configure:5665: result: ar
configure:5702: checking for archiver @FILE support
configure:5719: gcc -c -g -O2  conftest.c >&5
configure:5719: $? = 0
configure:5722: ar cr libconftest.a @conftest.lst >&5
configure:5725: $? = 0
configure:5730: ar cr libconftest.a @conftest.lst >&5
ar: conftest.o: No such file or directory
configure:5733: $? = 1
configure:5732: result: @
configure:5790: checking for strip
configure:5806: found /usr/bin/strip
configure:5817: result: strip
configure:5889: checking for ranlib
configure:5905: found /usr/bin/ranlib
configure:5916: result: ranlib
configure:6018: checking command to parse /usr/bin/nm -B output from gcc object
configure:6171: gcc -c -g -O2  conftest.c >&5
configure:6174: $? = 0
configure:6178: /usr/bin/nm -B conftest.o | sed -n -e 's/^.*[	 ]\([ABCDGIRSTW][ABCDGIRSTW]*\)[	 ][	 ]*\([_A-Za-z][_A-Za-z0-9]*\)$/\1 \2 \2/p' | sed '/ __gnu_lto/d' > conftest.nm
configure:6244: gcc -o conftest -g -O2   conftest.c conftstm.o >&5
configure:6247: $? = 0
configure:6285: result: ok
configure:6332: checking for sysroot
configure:6362: result: no
configure:6369: checking for a working dd
configure:6407: result: /usr/bin/dd
configure:6411: checking how to truncate binary pipes
configure:6426: result: /usr/bin/dd bs=4096 count=1
configure:6562: gcc -c -g -O2  conftest.c >&5
configure:6565: $? = 0
configure:6755: checking for mt
configure:6771: found /usr/bin/mt
configure:6782: result: mt
configure:6805: checking if mt is a manifest tool
configure:6811: mt '-?'
configure:6819: result: no
configure:7496: checking how to run the C preprocessor
configure:7527: gcc -E  conftest.c
configure:7527: $? = 0
configure:7541: gcc -E  conftest.c
conftest.c:16:10: fatal error: ac_nonexistent.h: No such file or directory
 #include <ac_nonexistent.h>
          ^~~~~~~~~~~~~~~~~~
compilation terminated.
configure:7541: $? = 1
configure: failed program was:
| /* confdefs.h */
| #define PACKAGE_NAME "g6k-kernel"
| #define PACKAGE_TARNAME "g6k-kernel"
| #define PACKAGE_VERSION "0.1.2"
| #define PACKAGE_STRING "g6k-kernel 0.1.2"
| #define PACKAGE_BUGREPORT ""
| #define PACKAGE_URL ""
| #define PACKAGE "g6k-kernel"
| #define VERSION "0.1.2"
| #define G6K_MAJOR_VERSION 0
| #define G6K_MINOR_VERSION 1
| #define G6K_MICRO_VERSION 2
| #define G6K_VERSION 0.1.2
| #define G6K_VERSION_INFO 
| /* end confdefs.h.  */
| #include <ac_nonexistent.h>
configure:7566: result: gcc -E
configure:7586: gcc -E  conftest.c
configure:7586: $? = 0
configure:7600: gcc -E  conftest.c
conftest.c:16:10: fatal error: ac_nonexistent.h: No such file or directory
 #include <ac_nonexistent.h>
          ^~~~~~~~~~~~~~~~~~
compilation terminated.
configure:7600: $? = 1
configure: failed program was:
| /* confdefs.h */
| #define PACKAGE_NAME "g6k-kernel"
| #define PACKAGE_TARNAME "g6k-kernel"
| #define PACKAGE_VERSION "0.1.2"
| #define PACKAGE_STRING "g6k-kernel 0.1.2"
| #define PACKAGE_BUGREPORT ""
| #define PACKAGE_URL ""
| #define PACKAGE "g6k-kernel"
| #define VERSION "0.1.2"
| #define G6K_MAJOR_VERSION 0
| #define G6K_MINOR_VERSION 1
| #define G6K_MICRO_VERSION 2
| #define G6K_VERSION 0.1.2
| #define G6K_VERSION_INFO 
| /* end confdefs.h.  */
| #include <ac_nonexistent.h>
configure:7629: checking for ANSI C header files
configure:7649: gcc -c -g -O2  conftest.c >&5
configure:7649: $? = 0
configure:7722: gcc -o conftest -g -O2   conftest.c  >&5
configure:7722: $? = 0
configure:7722: ./conftest
configure:7722: $? = 0
configure:7733: result: yes
configure:7746: checking for sys/types.h
configure:7746: gcc -c -g -O2  conftest.c >&5
configure:7746: $? = 0
configure:7746: result: yes
configure:7746: checking for sys/stat.h
configure:7746: gcc -c -g -O2  conftest.c >&5
configure:7746: $? = 0
configure:7746: result: yes
configure:7746: checking for stdlib.h
configure:7746: gcc -c -g -O2  conftest.c >&5
configure:7746: $? = 0
configure:7746: result: yes
configure:7746: checking for string.h
configure:7746: gcc -c -g -O2  conftest.c >&5
configure:7746: $? = 0
configure:7746: result: yes
configure:7746: checking for memory.h
configure:7746: gcc -c -g -O2  conftest.c >&5
configure:7746: $? = 0
configure:7746: result: yes
configure:7746: checking for strings.h
configure:7746: gcc -c -g -O2  conftest.c >&5
configure:7746: $? = 0
configure:7746: result: yes
configure:7746: checking for inttypes.h
configure:7746: gcc -c -g -O2  conftest.c >&5
configure:7746: $? = 0
configure:7746: result: yes
configure:7746: checking for stdint.h
configure:7746: gcc -c -g -O2  conftest.c >&5
configure:7746: $? = 0
configure:7746: result: yes
configure:7746: checking for unistd.h
configure:7746: gcc -c -g -O2  conftest.c >&5
configure:7746: $? = 0
configure:7746: result: yes
configure:7760: checking for dlfcn.h
configure:7760: gcc -c -g -O2  conftest.c >&5
configure:7760: $? = 0
configure:7760: result: yes
configure:8016: checking for objdir
configure:8031: result: .libs
configure:8295: checking if gcc supports -fno-rtti -fno-exceptions
configure:8313: gcc -c -g -O2  -fno-rtti -fno-exceptions conftest.c >&5
cc1: warning: command line option '-fno-rtti' is valid for C++/ObjC++ but not for C
configure:8317: $? = 0
configure:8330: result: no
configure:8694: checking for gcc option to produce PIC
configure:8701: result: -fPIC -DPIC
configure:8709: checking if gcc PIC flag -fPIC -DPIC works
configure:8727: gcc -c -g -O2  -fPIC -DPIC -DPIC conftest.c >&5
configure:8731: $? = 0
configure:8744: result: yes
configure:8773: checking if gcc static flag -static works
configure:8801: result: yes
configure:8816: checking if gcc supports -c -o file.o
configure:8837: gcc -c -g -O2  -o out/conftest2.o conftest.c >&5
configure:8841: $? = 0
configure:8863: result: yes
configure:8871: checking if gcc supports -c -o file.o
configure:8918: result: yes
configure:8951: checking whether the gcc linker (/usr/bin/ld -m elf_x86_64) supports shared libraries
configure:10214: result: yes
configure:10251: checking whether -lc should be explicitly linked in
configure:10259: gcc -c -g -O2  conftest.c >&5
configure:10262: $? = 0
configure:10277: gcc -shared  -fPIC -DPIC conftest.o  -v -Wl,-soname -Wl,conftest -o conftest 2\>\&1 \| /usr/bin/grep  -lc  \>/dev/null 2\>\&1
configure:10280: $? = 0
configure:10294: result: no
configure:10454: checking dynamic linker characteristics
configure:11035: gcc -o conftest -g -O2   -Wl,-rpath -Wl,/foo conftest.c  >&5
configure:11035: $? = 0
configure:11284: result: GNU/Linux ld.so
configure:11406: checking how to hardcode library paths into programs
configure:11431: result: immediate
configure:11979: checking whether stripping libraries is possible
configure:11984: result: yes
configure:12019: checking if libtool supports shared libraries
configure:12021: result: yes
configure:12024: checking whether to build shared libraries
configure:12049: result: yes
configure:12052: checking whether to build static libraries
configure:12056: result: yes
configure:8965: checking for g++
configure:8981: found /usr/bin/g++
configure:8992: result: g++
configure:9019: checking for C++ compiler version
configure:9028: g++ --version >&5
g++ (Ubuntu 8.4.0-3ubuntu2) 8.4.0
Copyright (C) 2018 Free Software Foundation, Inc.
This is free software; see the source for copying conditions.  There is NO
warranty; not even for MERCHANTABILITY or FITNESS FOR A PARTICULAR PURPOSE.

configure:9039: $? = 0
configure:9028: g++ -v >&5
Using built-in specs.
COLLECT_GCC=g++
COLLECT_LTO_WRAPPER=/usr/lib/gcc/x86_64-linux-gnu/8/lto-wrapper
OFFLOAD_TARGET_NAMES=nvptx-none
OFFLOAD_TARGET_DEFAULT=1
Target: x86_64-linux-gnu
Configured with: ../src/configure -v --with-pkgversion='Ubuntu 8.4.0-3ubuntu2' --with-bugurl=file:///usr/share/doc/gcc-8/README.Bugs --enable-languages=c,ada,c++,go,brig,d,fortran,objc,obj-c++ --prefix=/usr --with-gcc-major-version-only --program-suffix=-8 --program-prefix=x86_64-linux-gnu- --enable-shared --enable-linker-build-id --libexecdir=/usr/lib --without-included-gettext --enable-threads=posix --libdir=/usr/lib --enable-nls --enable-bootstrap --enable-clocale=gnu --enable-libstdcxx-debug --enable-libstdcxx-time=yes --with-default-libstdcxx-abi=new --enable-gnu-unique-object --disable-vtable-verify --enable-libmpx --enable-plugin --enable-default-pie --with-system-zlib --with-target-system-zlib=auto --enable-objc-gc=auto --enable-multiarch --disable-werror --with-arch-32=i686 --with-abi=m64 --with-multilib-list=m32,m64,mx32 --enable-multilib --with-tune=generic --enable-offload-targets=nvptx-none --without-cuda-driver --enable-checking=release --build=x86_64-linux-gnu --host=x86_64-linux-gnu --target=x86_64-linux-gnu
Thread model: posix
gcc version 8.4.0 (Ubuntu 8.4.0-3ubuntu2) 
configure:9039: $? = 0
configure:9028: g++ -V >&5
g++: error: unrecognized command line option '-V'
g++: fatal error: no input files
compilation terminated.
configure:9039: $? = 1
configure:9028: g++ -qversion >&5
g++: error: unrecognized command line option '-qversion'; did you mean '--version'?
g++: fatal error: no input files
compilation terminated.
configure:9039: $? = 1
configure:9043: checking whether we are using the GNU C++ compiler
configure:9062: g++ -c -Ofast -ftree-vectorize -funroll-loops -Wall -Wextra  -mmmx -msse -msse2 -msse3 -mssse3 -msse4.1 -msse4.2 -maes -mavx -mfma -mavx2  conftest.cpp >&5
configure:9062: $? = 0
configure:9071: result: yes
configure:9080: checking whether g++ accepts -g
configure:9100: g++ -c -g  conftest.cpp >&5
configure:9100: $? = 0
configure:9141: result: yes
configure:9166: checking dependency style of g++
configure:9277: result: gcc3
configure:9310: checking how to run the C++ preprocessor
configure:9337: g++ -E  conftest.cpp
configure:9337: $? = 0
configure:9351: g++ -E  conftest.cpp
conftest.cpp:28:10: fatal error: ac_nonexistent.h: No such file or directory
 #include <ac_nonexistent.h>
          ^~~~~~~~~~~~~~~~~~
compilation terminated.
configure:9351: $? = 1
configure: failed program was:
| /* confdefs.h */
| #define PACKAGE_NAME "g6k-kernel"
| #define PACKAGE_TARNAME "g6k-kernel"
| #define PACKAGE_VERSION "0.1.2"
| #define PACKAGE_STRING "g6k-kernel 0.1.2"
| #define PACKAGE_BUGREPORT ""
| #define PACKAGE_URL ""
| #define PACKAGE "g6k-kernel"
| #define VERSION "0.1.2"
| #define G6K_MAJOR_VERSION 0
| #define G6K_MINOR_VERSION 1
| #define G6K_MICRO_VERSION 2
| #define G6K_VERSION 0.1.2
| #define G6K_VERSION_INFO 
| #define STDC_HEADERS 1
| #define HAVE_SYS_TYPES_H 1
| #define HAVE_SYS_STAT_H 1
| #define HAVE_STDLIB_H 1
| #define HAVE_STRING_H 1
| #define HAVE_MEMORY_H 1
| #define HAVE_STRINGS_H 1
| #define HAVE_INTTYPES_H 1
| #define HAVE_STDINT_H 1
| #define HAVE_UNISTD_H 1
| #define HAVE_DLFCN_H 1
| #define LT_OBJDIR ".libs/"
| /* end confdefs.h.  */
| #include <ac_nonexistent.h>
configure:9376: result: g++ -E
configure:9396: g++ -E  conftest.cpp
configure:9396: $? = 0
configure:9410: g++ -E  conftest.cpp
conftest.cpp:28:10: fatal error: ac_nonexistent.h: No such file or directory
 #include <ac_nonexistent.h>
          ^~~~~~~~~~~~~~~~~~
compilation terminated.
configure:9410: $? = 1
configure: failed program was:
| /* confdefs.h */
| #define PACKAGE_NAME "g6k-kernel"
| #define PACKAGE_TARNAME "g6k-kernel"
| #define PACKAGE_VERSION "0.1.2"
| #define PACKAGE_STRING "g6k-kernel 0.1.2"
| #define PACKAGE_BUGREPORT ""
| #define PACKAGE_URL ""
| #define PACKAGE "g6k-kernel"
| #define VERSION "0.1.2"
| #define G6K_MAJOR_VERSION 0
| #define G6K_MINOR_VERSION 1
| #define G6K_MICRO_VERSION 2
| #define G6K_VERSION 0.1.2
| #define G6K_VERSION_INFO 
| #define STDC_HEADERS 1
| #define HAVE_SYS_TYPES_H 1
| #define HAVE_SYS_STAT_H 1
| #define HAVE_STDLIB_H 1
| #define HAVE_STRING_H 1
| #define HAVE_MEMORY_H 1
| #define HAVE_STRINGS_H 1
| #define HAVE_INTTYPES_H 1
| #define HAVE_STDINT_H 1
| #define HAVE_UNISTD_H 1
| #define HAVE_DLFCN_H 1
| #define LT_OBJDIR ".libs/"
| /* end confdefs.h.  */
| #include <ac_nonexistent.h>
configure:9572: checking for ld used by g++
configure:9639: result: /usr/bin/ld -m elf_x86_64
configure:9646: checking if the linker (/usr/bin/ld -m elf_x86_64) is GNU ld
configure:9661: result: yes
configure:9716: checking whether the g++ linker (/usr/bin/ld -m elf_x86_64) supports shared libraries
configure:10789: result: yes
configure:10825: g++ -c -Ofast -ftree-vectorize -funroll-loops -Wall -Wextra  -mmmx -msse -msse2 -msse3 -mssse3 -msse4.1 -msse4.2 -maes -mavx -mfma -mavx2  conftest.cpp >&5
configure:10828: $? = 0
configure:11309: checking for g++ option to produce PIC
configure:11316: result: -fPIC -DPIC
configure:11324: checking if g++ PIC flag -fPIC -DPIC works
configure:11342: g++ -c -Ofast -ftree-vectorize -funroll-loops -Wall -Wextra  -mmmx -msse -msse2 -msse3 -mssse3 -msse4.1 -msse4.2 -maes -mavx -mfma -mavx2  -fPIC -DPIC -DPIC conftest.cpp >&5
configure:11346: $? = 0
configure:11359: result: yes
configure:11382: checking if g++ static flag -static works
configure:11410: result: yes
configure:11422: checking if g++ supports -c -o file.o
configure:11443: g++ -c -Ofast -ftree-vectorize -funroll-loops -Wall -Wextra  -mmmx -msse -msse2 -msse3 -mssse3 -msse4.1 -msse4.2 -maes -mavx -mfma -mavx2  -o out/conftest2.o conftest.cpp >&5
configure:11447: $? = 0
configure:11469: result: yes
configure:11474: checking if g++ supports -c -o file.o
configure:11521: result: yes
configure:11551: checking whether the g++ linker (/usr/bin/ld -m elf_x86_64) supports shared libraries
configure:11594: result: yes
configure:11735: checking dynamic linker characteristics
configure:12492: result: GNU/Linux ld.so
configure:12557: checking how to hardcode library paths into programs
configure:12582: result: immediate
configure:11467: checking whether g++ supports C++11 features with -std=c++11
configure:11765: g++ -std=c++11 -c -Ofast -ftree-vectorize -funroll-loops -Wall -Wextra  -mmmx -msse -msse2 -msse3 -mssse3 -msse4.1 -msse4.2 -maes -mavx -mfma -mavx2  conftest.cpp >&5
configure:11765: $? = 0
configure:11774: result: yes
configure:11970: checking whether gcc is Clang
configure:11995: result: no
configure:12057: checking whether pthreads work with "-pthread" and "-lpthread"
configure:12162: gcc -o conftest -g -O2 -pthread   conftest.c -lpthread  >&5
configure:12162: $? = 0
configure:12171: result: yes
configure:12288: checking for joinable pthread attribute
configure:12306: gcc -o conftest -g -O2 -pthread   conftest.c -lpthread  >&5
configure:12306: $? = 0
configure:12314: result: PTHREAD_CREATE_JOINABLE
configure:12328: checking whether more special flags are required for pthreads
configure:12341: result: no
configure:12349: checking for PTHREAD_PRIO_INHERIT
configure:12366: gcc -o conftest -g -O2 -pthread   conftest.c -lpthread  >&5
configure:12366: $? = 0
configure:12375: result: yes
configure:12495: checking whether C++ compiler accepts -march=native
configure:12514: g++ -std=c++11 -c -Ofast -ftree-vectorize -funroll-loops -Wall -Wextra  -mmmx -msse -msse2 -msse3 -mssse3 -msse4.1 -msse4.2 -maes -mavx -mfma -mavx2  -march=native  conftest.cpp >&5
configure:12514: $? = 0
configure:12522: result: yes
configure:12537: checking for x86 cpuid  output
configure:12569: gcc -o conftest -g -O2   conftest.c  >&5
conftest.c: In function 'main':
conftest.c:36:15: error: expected expression before ',' token
      int op = , level = 0, eax, ebx, ecx, edx;
               ^
configure:12569: $? = 1
configure: program exited with status 1
configure: failed program was:
| /* confdefs.h */
| #define PACKAGE_NAME "g6k-kernel"
| #define PACKAGE_TARNAME "g6k-kernel"
| #define PACKAGE_VERSION "0.1.2"
| #define PACKAGE_STRING "g6k-kernel 0.1.2"
| #define PACKAGE_BUGREPORT ""
| #define PACKAGE_URL ""
| #define PACKAGE "g6k-kernel"
| #define VERSION "0.1.2"
| #define G6K_MAJOR_VERSION 0
| #define G6K_MINOR_VERSION 1
| #define G6K_MICRO_VERSION 2
| #define G6K_VERSION 0.1.2
| #define G6K_VERSION_INFO 
| #define STDC_HEADERS 1
| #define HAVE_SYS_TYPES_H 1
| #define HAVE_SYS_STAT_H 1
| #define HAVE_STDLIB_H 1
| #define HAVE_STRING_H 1
| #define HAVE_MEMORY_H 1
| #define HAVE_STRINGS_H 1
| #define HAVE_INTTYPES_H 1
| #define HAVE_STDINT_H 1
| #define HAVE_UNISTD_H 1
| #define HAVE_DLFCN_H 1
| #define LT_OBJDIR ".libs/"
| #define HAVE_CXX11 1
| #define HAVE_PTHREAD_PRIO_INHERIT 1
| #define HAVE_PTHREAD 1
| /* end confdefs.h.  */
| #include <stdio.h>
| int
| main ()
| {
| 
|      int op = , level = 0, eax, ebx, ecx, edx;
|      FILE *f;
|       __asm__ __volatile__ ("xchg %%ebx, %1\n"
|         "cpuid\n"
|         "xchg %%ebx, %1\n"
|         : "=a" (eax), "=r" (ebx), "=c" (ecx), "=d" (edx)
|         : "a" (op), "2" (level));
| 
|      f = fopen("conftest_cpuid", "w"); if (!f) return 1;
|      fprintf(f, "%x:%x:%x:%x\n", eax, ebx, ecx, edx);
|      fclose(f);
|      return 0;
| 
|   ;
|   return 0;
| }
configure:12579: result: unknown
configure:12596: checking for x86-AVX xgetbv  output
configure:12626: gcc -o conftest -g -O2   conftest.c  >&5
conftest.c: In function 'main':
conftest.c:36:15: error: expected expression before ',' token
      int op = , eax, edx;
               ^
configure:12626: $? = 1
configure: program exited with status 1
configure: failed program was:
| /* confdefs.h */
| #define PACKAGE_NAME "g6k-kernel"
| #define PACKAGE_TARNAME "g6k-kernel"
| #define PACKAGE_VERSION "0.1.2"
| #define PACKAGE_STRING "g6k-kernel 0.1.2"
| #define PACKAGE_BUGREPORT ""
| #define PACKAGE_URL ""
| #define PACKAGE "g6k-kernel"
| #define VERSION "0.1.2"
| #define G6K_MAJOR_VERSION 0
| #define G6K_MINOR_VERSION 1
| #define G6K_MICRO_VERSION 2
| #define G6K_VERSION 0.1.2
| #define G6K_VERSION_INFO 
| #define STDC_HEADERS 1
| #define HAVE_SYS_TYPES_H 1
| #define HAVE_SYS_STAT_H 1
| #define HAVE_STDLIB_H 1
| #define HAVE_STRING_H 1
| #define HAVE_MEMORY_H 1
| #define HAVE_STRINGS_H 1
| #define HAVE_INTTYPES_H 1
| #define HAVE_STDINT_H 1
| #define HAVE_UNISTD_H 1
| #define HAVE_DLFCN_H 1
| #define LT_OBJDIR ".libs/"
| #define HAVE_CXX11 1
| #define HAVE_PTHREAD_PRIO_INHERIT 1
| #define HAVE_PTHREAD 1
| /* end confdefs.h.  */
| #include <stdio.h>
| int
| main ()
| {
| 
|      int op = , eax, edx;
|      FILE *f;
|       /* Opcodes for xgetbv */
|       __asm__ __volatile__ (".byte 0x0f, 0x01, 0xd0"
|         : "=a" (eax), "=d" (edx)
|         : "c" (op));
|      f = fopen("conftest_xgetbv", "w"); if (!f) return 1;
|      fprintf(f, "%x:%x\n", eax, edx);
|      fclose(f);
|      return 0;
| 
|   ;
|   return 0;
| }
configure:12636: result: unknown
configure:12836: checking for x86 cpuid 0x00000000 output
configure:12868: gcc -o conftest -g -O2   conftest.c  >&5
configure:12868: $? = 0
configure:12868: ./conftest
configure:12868: $? = 0
configure:12878: result: 16:756e6547:6c65746e:49656e69
configure:12901: checking for x86 cpuid 0x80000000 output
configure:12933: gcc -o conftest -g -O2   conftest.c  >&5
configure:12933: $? = 0
configure:12933: ./conftest
configure:12933: $? = 0
configure:12943: result: 80000008:0:0:0
configure:12968: checking for x86 cpuid 0x00000001 output
configure:13000: gcc -o conftest -g -O2   conftest.c  >&5
configure:13000: $? = 0
configure:13000: ./conftest
configure:13000: $? = 0
configure:13010: result: 906ea:a100800:7ffafbff:bfebfbff
configure:13037: checking for x86 cpuid 0x00000007 output
configure:13069: gcc -o conftest -g -O2   conftest.c  >&5
configure:13069: $? = 0
configure:13069: ./conftest
configure:13069: $? = 0
configure:13079: result: 0:29c6fbf:40000000:9c002600
configure:13105: checking for x86 cpuid 0x80000001 output
configure:13137: gcc -o conftest -g -O2   conftest.c  >&5
configure:13137: $? = 0
configure:13137: ./conftest
configure:13137: $? = 0
configure:13147: result: 0:0:121:2c100800
configure:13206: gcc -o conftest -g -O2   conftest.c  >&5
configure:13206: $? = 0
configure:13206: ./conftest
configure:13206: $? = 0
configure:13235: checking for x86-AVX xgetbv 0x00000000 output
configure:13265: gcc -o conftest -g -O2   conftest.c  >&5
configure:13265: $? = 0
configure:13265: ./conftest
configure:13265: $? = 0
configure:13275: result: 1f:0
configure:13329: checking whether RDRND is supported by the processor
configure:13342: result: yes
configure:13346: checking whether RDRND is supported by the processor and OS
configure:13359: result: yes
configure:13364: checking whether C++ compiler accepts -mrdrnd
configure:13383: g++ -std=c++11 -c -Ofast -ftree-vectorize -funroll-loops -Wall -Wextra  -mmmx -msse -msse2 -msse3 -mssse3 -msse4.1 -msse4.2 -maes -mavx -mfma -mavx2  -mrdrnd  conftest.cpp >&5
configure:13383: $? = 0
configure:13392: result: yes
configure:13329: checking whether BMI1 is supported by the processor
configure:13342: result: yes
configure:13346: checking whether BMI1 is supported by the processor and OS
configure:13359: result: yes
configure:13364: checking whether C++ compiler accepts -mbmi
configure:13383: g++ -std=c++11 -c -Ofast -ftree-vectorize -funroll-loops -Wall -Wextra  -mmmx -msse -msse2 -msse3 -mssse3 -msse4.1 -msse4.2 -maes -mavx -mfma -mavx2  -mbmi  conftest.cpp >&5
configure:13383: $? = 0
configure:13392: result: yes
configure:13329: checking whether BMI2 is supported by the processor
configure:13342: result: yes
configure:13346: checking whether BMI2 is supported by the processor and OS
configure:13359: result: yes
configure:13364: checking whether C++ compiler accepts -mbmi2
configure:13383: g++ -std=c++11 -c -Ofast -ftree-vectorize -funroll-loops -Wall -Wextra  -mmmx -msse -msse2 -msse3 -mssse3 -msse4.1 -msse4.2 -maes -mavx -mfma -mavx2  -mbmi2  conftest.cpp >&5
configure:13383: $? = 0
configure:13392: result: yes
configure:13329: checking whether ADX is supported by the processor
configure:13342: result: yes
configure:13346: checking whether ADX is supported by the processor and OS
configure:13359: result: yes
configure:13364: checking whether C++ compiler accepts -madx
configure:13383: g++ -std=c++11 -c -Ofast -ftree-vectorize -funroll-loops -Wall -Wextra  -mmmx -msse -msse2 -msse3 -mssse3 -msse4.1 -msse4.2 -maes -mavx -mfma -mavx2  -madx  conftest.cpp >&5
configure:13383: $? = 0
configure:13392: result: yes
configure:13329: checking whether MPX is supported by the processor
configure:13342: result: yes
configure:13346: checking whether MPX is supported by the processor and OS
configure:13359: result: yes
configure:13364: checking whether C++ compiler accepts -mmpx
configure:13383: g++ -std=c++11 -c -Ofast -ftree-vectorize -funroll-loops -Wall -Wextra  -mmmx -msse -msse2 -msse3 -mssse3 -msse4.1 -msse4.2 -maes -mavx -mfma -mavx2  -mmpx  conftest.cpp >&5
configure:13383: $? = 0
configure:13392: result: yes
configure:13329: checking whether PREFETCHWT1 is supported by the processor
configure:13342: result: no
configure:13329: checking whether ABM is supported by the processor
configure:13342: result: yes
configure:13346: checking whether ABM is supported by the processor and OS
configure:13359: result: yes
configure:13364: checking whether C++ compiler accepts -mabm
configure:13383: g++ -std=c++11 -c -Ofast -ftree-vectorize -funroll-loops -Wall -Wextra  -mmmx -msse -msse2 -msse3 -mssse3 -msse4.1 -msse4.2 -maes -mavx -mfma -mavx2  -mabm  conftest.cpp >&5
configure:13383: $? = 0
configure:13392: result: yes
configure:13329: checking whether MMX is supported by the processor
configure:13342: result: yes
configure:13346: checking whether MMX is supported by the processor and OS
configure:13359: result: yes
configure:13364: checking whether C++ compiler accepts -mmmx
configure:13383: g++ -std=c++11 -c -Ofast -ftree-vectorize -funroll-loops -Wall -Wextra  -mmmx -msse -msse2 -msse3 -mssse3 -msse4.1 -msse4.2 -maes -mavx -mfma -mavx2  -mmmx  conftest.cpp >&5
configure:13383: $? = 0
configure:13392: result: yes
configure:13329: checking whether SSE is supported by the processor
configure:13342: result: yes
configure:13346: checking whether SSE is supported by the processor and OS
configure:13359: result: yes
configure:13364: checking whether C++ compiler accepts -msse
configure:13383: g++ -std=c++11 -c -Ofast -ftree-vectorize -funroll-loops -Wall -Wextra  -mmmx -msse -msse2 -msse3 -mssse3 -msse4.1 -msse4.2 -maes -mavx -mfma -mavx2  -msse  conftest.cpp >&5
configure:13383: $? = 0
configure:13392: result: yes
configure:13329: checking whether SSE2 is supported by the processor
configure:13342: result: yes
configure:13346: checking whether SSE2 is supported by the processor and OS
configure:13359: result: yes
configure:13364: checking whether C++ compiler accepts -msse2
configure:13383: g++ -std=c++11 -c -Ofast -ftree-vectorize -funroll-loops -Wall -Wextra  -mmmx -msse -msse2 -msse3 -mssse3 -msse4.1 -msse4.2 -maes -mavx -mfma -mavx2  -msse2  conftest.cpp >&5
configure:13383: $? = 0
configure:13392: result: yes
configure:13329: checking whether SSE3 is supported by the processor
configure:13342: result: yes
configure:13346: checking whether SSE3 is supported by the processor and OS
configure:13359: result: yes
configure:13364: checking whether C++ compiler accepts -msse3
configure:13383: g++ -std=c++11 -c -Ofast -ftree-vectorize -funroll-loops -Wall -Wextra  -mmmx -msse -msse2 -msse3 -mssse3 -msse4.1 -msse4.2 -maes -mavx -mfma -mavx2  -msse3  conftest.cpp >&5
configure:13383: $? = 0
configure:13392: result: yes
configure:13329: checking whether SSSE3 is supported by the processor
configure:13342: result: yes
configure:13346: checking whether SSSE3 is supported by the processor and OS
configure:13359: result: yes
configure:13364: checking whether C++ compiler accepts -mssse3
configure:13383: g++ -std=c++11 -c -Ofast -ftree-vectorize -funroll-loops -Wall -Wextra  -mmmx -msse -msse2 -msse3 -mssse3 -msse4.1 -msse4.2 -maes -mavx -mfma -mavx2  -mssse3  conftest.cpp >&5
configure:13383: $? = 0
configure:13392: result: yes
configure:13329: checking whether SSE4.1 is supported by the processor
configure:13342: result: yes
configure:13346: checking whether SSE4.1 is supported by the processor and OS
configure:13359: result: yes
configure:13364: checking whether C++ compiler accepts -msse4.1
configure:13383: g++ -std=c++11 -c -Ofast -ftree-vectorize -funroll-loops -Wall -Wextra  -mmmx -msse -msse2 -msse3 -mssse3 -msse4.1 -msse4.2 -maes -mavx -mfma -mavx2  -msse4.1  conftest.cpp >&5
configure:13383: $? = 0
configure:13392: result: yes
configure:13329: checking whether SSE4.2 is supported by the processor
configure:13342: result: yes
configure:13346: checking whether SSE4.2 is supported by the processor and OS
configure:13359: result: yes
configure:13364: checking whether C++ compiler accepts -msse4.2
configure:13383: g++ -std=c++11 -c -Ofast -ftree-vectorize -funroll-loops -Wall -Wextra  -mmmx -msse -msse2 -msse3 -mssse3 -msse4.1 -msse4.2 -maes -mavx -mfma -mavx2  -msse4.2  conftest.cpp >&5
configure:13383: $? = 0
configure:13392: result: yes
configure:13329: checking whether SSE4a is supported by the processor
configure:13342: result: no
configure:13329: checking whether SHA is supported by the processor
configure:13342: result: no
configure:13329: checking whether AES is supported by the processor
configure:13342: result: yes
configure:13346: checking whether AES is supported by the processor and OS
configure:13359: result: yes
configure:13364: checking whether C++ compiler accepts -maes
configure:13383: g++ -std=c++11 -c -Ofast -ftree-vectorize -funroll-loops -Wall -Wextra  -mmmx -msse -msse2 -msse3 -mssse3 -msse4.1 -msse4.2 -maes -mavx -mfma -mavx2  -maes  conftest.cpp >&5
configure:13383: $? = 0
configure:13392: result: yes
configure:13329: checking whether AVX is supported by the processor
configure:13342: result: yes
configure:13346: checking whether AVX is supported by the processor and OS
configure:13359: result: yes
configure:13364: checking whether C++ compiler accepts -mavx
configure:13383: g++ -std=c++11 -c -Ofast -ftree-vectorize -funroll-loops -Wall -Wextra  -mmmx -msse -msse2 -msse3 -mssse3 -msse4.1 -msse4.2 -maes -mavx -mfma -mavx2  -mavx  conftest.cpp >&5
configure:13383: $? = 0
configure:13392: result: yes
configure:13329: checking whether FMA3 is supported by the processor
configure:13342: result: yes
configure:13346: checking whether FMA3 is supported by the processor and OS
configure:13359: result: yes
configure:13364: checking whether C++ compiler accepts -mfma
configure:13383: g++ -std=c++11 -c -Ofast -ftree-vectorize -funroll-loops -Wall -Wextra  -mmmx -msse -msse2 -msse3 -mssse3 -msse4.1 -msse4.2 -maes -mavx -mfma -mavx2  -mfma  conftest.cpp >&5
configure:13383: $? = 0
configure:13392: result: yes
configure:13329: checking whether FMA4 is supported by the processor
configure:13342: result: no
configure:13329: checking whether XOP is supported by the processor
configure:13342: result: no
configure:13329: checking whether AVX2 is supported by the processor
configure:13342: result: yes
configure:13346: checking whether AVX2 is supported by the processor and OS
configure:13359: result: yes
configure:13364: checking whether C++ compiler accepts -mavx2
configure:13383: g++ -std=c++11 -c -Ofast -ftree-vectorize -funroll-loops -Wall -Wextra  -mmmx -msse -msse2 -msse3 -mssse3 -msse4.1 -msse4.2 -maes -mavx -mfma -mavx2  -mavx2  conftest.cpp >&5
configure:13383: $? = 0
configure:13392: result: yes
configure:13329: checking whether AVX512-F is supported by the processor
configure:13342: result: no
configure:13329: checking whether AVX512-CD is supported by the processor
configure:13342: result: no
configure:13329: checking whether AVX512-PF is supported by the processor
configure:13342: result: no
configure:13329: checking whether AVX512-ER is supported by the processor
configure:13342: result: no
configure:13329: checking whether AVX512-VL is supported by the processor
configure:13342: result: no
configure:13329: checking whether AVX512-BW is supported by the processor
configure:13342: result: no
configure:13329: checking whether AVX512-DQ is supported by the processor
configure:13342: result: no
configure:13329: checking whether AVX512-IFMA is supported by the processor
configure:13342: result: no
configure:13329: checking whether AVX512-VBMI is supported by the processor
configure:13342: result: no
configure:13712: checking that generated files are newer than configure
configure:13718: result: done
configure:13745: creating ./config.status

## ---------------- ##
## Cache variables. ##
## ---------------- ##

ac_cv_build=x86_64-pc-linux-gnu
ac_cv_c_compiler_gnu=yes
ac_cv_cxx_compiler_gnu=yes
ac_cv_env_CCC_set=
ac_cv_env_CCC_value=
ac_cv_env_CC_set=
ac_cv_env_CC_value=
ac_cv_env_CFLAGS_set=set
ac_cv_env_CFLAGS_value='-g -O2'
ac_cv_env_CPPFLAGS_set=
ac_cv_env_CPPFLAGS_value=
ac_cv_env_CPP_set=
ac_cv_env_CPP_value=
ac_cv_env_CXXCPP_set=
ac_cv_env_CXXCPP_value=
ac_cv_env_CXXFLAGS_set=set
ac_cv_env_CXXFLAGS_value='-Ofast -ftree-vectorize -funroll-loops -Wall -Wextra  -mmmx -msse -msse2 -msse3 -mssse3 -msse4.1 -msse4.2 -maes -mavx -mfma -mavx2'
ac_cv_env_CXX_set=
ac_cv_env_CXX_value=
ac_cv_env_LDFLAGS_set=
ac_cv_env_LDFLAGS_value=
ac_cv_env_LIBS_set=
ac_cv_env_LIBS_value=
ac_cv_env_LT_SYS_LIBRARY_PATH_set=
ac_cv_env_LT_SYS_LIBRARY_PATH_value=
ac_cv_env_build_alias_set=
ac_cv_env_build_alias_value=
ac_cv_env_host_alias_set=
ac_cv_env_host_alias_value=
ac_cv_env_target_alias_set=
ac_cv_env_target_alias_value=
ac_cv_header_dlfcn_h=yes
ac_cv_header_inttypes_h=yes
ac_cv_header_memory_h=yes
ac_cv_header_stdc=yes
ac_cv_header_stdint_h=yes
ac_cv_header_stdlib_h=yes
ac_cv_header_string_h=yes
ac_cv_header_strings_h=yes
ac_cv_header_sys_stat_h=yes
ac_cv_header_sys_types_h=yes
ac_cv_header_unistd_h=yes
ac_cv_host=x86_64-pc-linux-gnu
ac_cv_objext=o
ac_cv_path_EGREP='/usr/bin/grep -E'
ac_cv_path_FGREP='/usr/bin/grep -F'
ac_cv_path_GREP=/usr/bin/grep
ac_cv_path_SED=/usr/bin/sed
ac_cv_path_install='/usr/bin/install -c'
ac_cv_path_lt_DD=/usr/bin/dd
ac_cv_path_mkdir=/usr/bin/mkdir
ac_cv_prog_AWK=mawk
ac_cv_prog_CPP='gcc -E'
ac_cv_prog_CXXCPP='g++ -E'
ac_cv_prog_ac_ct_AR=ar
ac_cv_prog_ac_ct_CC=gcc
ac_cv_prog_ac_ct_CXX=g++
ac_cv_prog_ac_ct_MANIFEST_TOOL=mt
ac_cv_prog_ac_ct_OBJDUMP=objdump
ac_cv_prog_ac_ct_RANLIB=ranlib
ac_cv_prog_ac_ct_STRIP=strip
ac_cv_prog_cc_c89=
ac_cv_prog_cc_g=yes
ac_cv_prog_cxx_g=yes
ac_cv_prog_make_make_set=yes
am_cv_CC_dependencies_compiler_type=gcc3
am_cv_CXX_dependencies_compiler_type=gcc3
am_cv_make_support_nested_variables=yes
am_cv_prog_cc_c_o=yes
ax_cv_PTHREAD_CLANG=no
ax_cv_PTHREAD_JOINABLE_ATTR=PTHREAD_CREATE_JOINABLE
ax_cv_PTHREAD_PRIO_INHERIT=yes
ax_cv_PTHREAD_SPECIAL_FLAGS=no
ax_cv_check_cxxflags___mabm=yes
ax_cv_check_cxxflags___madx=yes
ax_cv_check_cxxflags___maes=yes
ax_cv_check_cxxflags___march_native=yes
ax_cv_check_cxxflags___mavx2=yes
ax_cv_check_cxxflags___mavx=yes
ax_cv_check_cxxflags___mbmi2=yes
ax_cv_check_cxxflags___mbmi=yes
ax_cv_check_cxxflags___mfma=yes
ax_cv_check_cxxflags___mmmx=yes
ax_cv_check_cxxflags___mmpx=yes
ax_cv_check_cxxflags___mrdrnd=yes
ax_cv_check_cxxflags___msse2=yes
ax_cv_check_cxxflags___msse3=yes
ax_cv_check_cxxflags___msse4_1=yes
ax_cv_check_cxxflags___msse4_2=yes
ax_cv_check_cxxflags___msse=yes
ax_cv_check_cxxflags___mssse3=yes
ax_cv_cxx_compile_cxx11__std_cpp11=yes
ax_cv_gcc_x86_avx_xgetbv_0x00000000=1f:0
ax_cv_gcc_x86_avx_xgetbv_=unknown
ax_cv_gcc_x86_cpuid_0x00000000=16:756e6547:6c65746e:49656e69
ax_cv_gcc_x86_cpuid_0x00000001=906ea:a100800:7ffafbff:bfebfbff
ax_cv_gcc_x86_cpuid_0x00000007=0:29c6fbf:40000000:9c002600
ax_cv_gcc_x86_cpuid_0x80000000=80000008:0:0:0
ax_cv_gcc_x86_cpuid_0x80000001=0:0:121:2c100800
ax_cv_gcc_x86_cpuid_=unknown
ax_cv_have_abm_cpu_ext=yes
ax_cv_have_abm_ext=yes
ax_cv_have_adx_cpu_ext=yes
ax_cv_have_adx_ext=yes
ax_cv_have_aes_cpu_ext=yes
ax_cv_have_aes_ext=yes
ax_cv_have_avx2_cpu_ext=yes
ax_cv_have_avx2_ext=yes
ax_cv_have_avx512_os_support_ext=no
ax_cv_have_avx512bw_cpu_ext=no
ax_cv_have_avx512bw_ext=no
ax_cv_have_avx512cd_cpu_ext=no
ax_cv_have_avx512cd_ext=no
ax_cv_have_avx512dq_cpu_ext=no
ax_cv_have_avx512dq_ext=no
ax_cv_have_avx512er_cpu_ext=no
ax_cv_have_avx512er_ext=no
ax_cv_have_avx512f_cpu_ext=no
ax_cv_have_avx512f_ext=no
ax_cv_have_avx512ifma_cpu_ext=no
ax_cv_have_avx512ifma_ext=no
ax_cv_have_avx512pf_cpu_ext=no
ax_cv_have_avx512pf_ext=no
ax_cv_have_avx512vbmi_cpu_ext=no
ax_cv_have_avx512vbmi_ext=no
ax_cv_have_avx512vl_cpu_ext=no
ax_cv_have_avx512vl_ext=no
ax_cv_have_avx_cpu_ext=yes
ax_cv_have_avx_ext=yes
ax_cv_have_avx_os_support_ext=yes
ax_cv_have_bmi1_cpu_ext=yes
ax_cv_have_bmi1_ext=yes
ax_cv_have_bmi2_cpu_ext=yes
ax_cv_have_bmi2_ext=yes
ax_cv_have_fma3_cpu_ext=yes
ax_cv_have_fma3_ext=yes
ax_cv_have_fma4_cpu_ext=no
ax_cv_have_fma4_ext=no
ax_cv_have_mmx_cpu_ext=yes
ax_cv_have_mmx_ext=yes
ax_cv_have_mmx_os_support_ext=yes
ax_cv_have_mpx_cpu_ext=yes
ax_cv_have_mpx_ext=yes
ax_cv_have_none_os_support_ext=yes
ax_cv_have_prefetchwt1_cpu_ext=no
ax_cv_have_prefetchwt1_ext=no
ax_cv_have_rdrnd_cpu_ext=yes
ax_cv_have_rdrnd_ext=yes
ax_cv_have_sha_cpu_ext=no
ax_cv_have_sha_ext=no
ax_cv_have_sse2_cpu_ext=yes
ax_cv_have_sse2_ext=yes
ax_cv_have_sse3_cpu_ext=yes
ax_cv_have_sse3_ext=yes
ax_cv_have_sse41_cpu_ext=yes
ax_cv_have_sse41_ext=yes
ax_cv_have_sse42_cpu_ext=yes
ax_cv_have_sse42_ext=yes
ax_cv_have_sse4a_cpu_ext=no
ax_cv_have_sse4a_ext=no
ax_cv_have_sse_cpu_ext=yes
ax_cv_have_sse_ext=yes
ax_cv_have_sse_os_support_ext=yes
ax_cv_have_ssse3_cpu_ext=yes
ax_cv_have_ssse3_ext=yes
ax_cv_have_xop_cpu_ext=no
ax_cv_have_xop_ext=no
ax_cv_support_abm_ext=yes
ax_cv_support_adx_ext=yes
ax_cv_support_aes_ext=yes
ax_cv_support_avx2_ext=yes
ax_cv_support_avx512bw_ext=no
ax_cv_support_avx512cd_ext=no
ax_cv_support_avx512dq_ext=no
ax_cv_support_avx512er_ext=no
ax_cv_support_avx512f_ext=no
ax_cv_support_avx512ifma_ext=no
ax_cv_support_avx512pf_ext=no
ax_cv_support_avx512vbmi_ext=no
ax_cv_support_avx512vl_ext=no
ax_cv_support_avx_ext=yes
ax_cv_support_bmi1_ext=yes
ax_cv_support_bmi2_ext=yes
ax_cv_support_fma3_ext=yes
ax_cv_support_fma4_ext=no
ax_cv_support_mmx_ext=yes
ax_cv_support_mpx_ext=yes
ax_cv_support_prefetchwt1_ext=no
ax_cv_support_rdrnd_ext=yes
ax_cv_support_sha_ext=no
ax_cv_support_sse2_ext=yes
ax_cv_support_sse3_ext=yes
ax_cv_support_sse41_ext=yes
ax_cv_support_sse42_ext=yes
ax_cv_support_sse4a_ext=no
ax_cv_support_sse_ext=yes
ax_cv_support_ssse3_ext=yes
ax_cv_support_xop_ext=no
lt_cv_ar_at_file=@
lt_cv_archive_cmds_need_lc=no
lt_cv_deplibs_check_method=pass_all
lt_cv_file_magic_cmd='$MAGIC_CMD'
lt_cv_file_magic_test_file=
lt_cv_ld_reload_flag=-r
lt_cv_nm_interface='BSD nm'
lt_cv_objdir=.libs
lt_cv_path_LD=/usr/bin/ld
lt_cv_path_LDCXX='/usr/bin/ld -m elf_x86_64'
lt_cv_path_NM='/usr/bin/nm -B'
lt_cv_path_mainfest_tool=no
lt_cv_prog_compiler_c_o=yes
lt_cv_prog_compiler_c_o_CXX=yes
lt_cv_prog_compiler_pic='-fPIC -DPIC'
lt_cv_prog_compiler_pic_CXX='-fPIC -DPIC'
lt_cv_prog_compiler_pic_works=yes
lt_cv_prog_compiler_pic_works_CXX=yes
lt_cv_prog_compiler_rtti_exceptions=no
lt_cv_prog_compiler_static_works=yes
lt_cv_prog_compiler_static_works_CXX=yes
lt_cv_prog_gnu_ld=yes
lt_cv_prog_gnu_ldcxx=yes
lt_cv_sharedlib_from_linklib_cmd='printf %s\n'
lt_cv_shlibpath_overrides_runpath=yes
lt_cv_sys_global_symbol_pipe='sed -n -e '\''s/^.*[	 ]\([ABCDGIRSTW][ABCDGIRSTW]*\)[	 ][	 ]*\([_A-Za-z][_A-Za-z0-9]*\)$/\1 \2 \2/p'\'' | sed '\''/ __gnu_lto/d'\'''
lt_cv_sys_global_symbol_to_c_name_address='sed -n -e '\''s/^: \(.*\) .*$/  {"\1", (void *) 0},/p'\'' -e '\''s/^[ABCDGIRSTW][ABCDGIRSTW]* .* \(.*\)$/  {"\1", (void *) \&\1},/p'\'''
lt_cv_sys_global_symbol_to_c_name_address_lib_prefix='sed -n -e '\''s/^: \(.*\) .*$/  {"\1", (void *) 0},/p'\'' -e '\''s/^[ABCDGIRSTW][ABCDGIRSTW]* .* \(lib.*\)$/  {"\1", (void *) \&\1},/p'\'' -e '\''s/^[ABCDGIRSTW][ABCDGIRSTW]* .* \(.*\)$/  {"lib\1", (void *) \&\1},/p'\'''
lt_cv_sys_global_symbol_to_cdecl='sed -n -e '\''s/^T .* \(.*\)$/extern int \1();/p'\'' -e '\''s/^[ABCDGIRSTW][ABCDGIRSTW]* .* \(.*\)$/extern char \1;/p'\'''
lt_cv_sys_global_symbol_to_import=
lt_cv_sys_max_cmd_len=1572864
lt_cv_to_host_file_cmd=func_convert_file_noop
lt_cv_to_tool_file_cmd=func_convert_file_noop
lt_cv_truncate_bin='/usr/bin/dd bs=4096 count=1'

## ----------------- ##
## Output variables. ##
## ----------------- ##

ACLOCAL='${SHELL} /home/summer/lattice-experiments/test-for-refined-lwe-estimator/missing aclocal-1.16'
AMDEPBACKSLASH='\'
AMDEP_FALSE='#'
AMDEP_TRUE=''
AMTAR='$${TAR-tar}'
AM_BACKSLASH='\'
AM_DEFAULT_V='$(AM_DEFAULT_VERBOSITY)'
AM_DEFAULT_VERBOSITY='0'
AM_V='$(V)'
AR='ar'
AUTOCONF='${SHELL} /home/summer/lattice-experiments/test-for-refined-lwe-estimator/missing autoconf'
AUTOHEADER='${SHELL} /home/summer/lattice-experiments/test-for-refined-lwe-estimator/missing autoheader'
AUTOMAKE='${SHELL} /home/summer/lattice-experiments/test-for-refined-lwe-estimator/missing automake-1.16'
AWK='mawk'
CC='gcc'
CCDEPMODE='depmode=gcc3'
CFLAGS='-g -O2'
CPP='gcc -E'
CPPFLAGS=''
CPUEXT_FLAGS=' -mrdrnd -mbmi -mbmi2 -madx -mmpx -mabm'
CXX='g++ -std=c++11'
CXXCPP='g++ -E -std=c++11'
CXXDEPMODE='depmode=gcc3'
CXXFLAGS='-Ofast -ftree-vectorize -funroll-loops -Wall -Wextra  -mmmx -msse -msse2 -msse3 -mssse3 -msse4.1 -msse4.2 -maes -mavx -mfma -mavx2  -mmmx -msse -msse2 -msse3 -mssse3 -msse4.1 -msse4.2 -maes -mavx -mfma -mavx2'
CYGPATH_W='echo'
DEFS='-DHAVE_CONFIG_H'
DEPDIR='.deps'
DLLTOOL='false'
DSYMUTIL=''
DUMPBIN=''
ECHO_C=''
ECHO_N='-n'
ECHO_T=''
EGREP='/usr/bin/grep -E'
EXEEXT=''
FGREP='/usr/bin/grep -F'
G6K_LT_AGE='0'
G6K_LT_CURRENT='1'
G6K_LT_REVISION='1'
GREP='/usr/bin/grep'
HAVE_CXX11='1'
INSTALL_DATA='${INSTALL} -m 644'
INSTALL_PROGRAM='${INSTALL}'
INSTALL_SCRIPT='${INSTALL}'
INSTALL_STRIP_PROGRAM='$(install_sh) -c -s'
LD='/usr/bin/ld -m elf_x86_64'
LDFLAGS=''
LIBOBJS=''
LIBS=''
LIBTOOL='$(SHELL) $(top_builddir)/libtool'
LIPO=''
LN_S='ln -s'
LTLIBOBJS=''
LT_SYS_LIBRARY_PATH=''
MAINT=''
MAINTAINER_MODE_FALSE='#'
MAINTAINER_MODE_TRUE=''
MAKEINFO='${SHELL} /home/summer/lattice-experiments/test-for-refined-lwe-estimator/missing makeinfo'
MANIFEST_TOOL=':'
MKDIR_P='/usr/bin/mkdir -p'
NM='/usr/bin/nm -B'
NMEDIT=''
OBJDUMP='objdump'
OBJEXT='o'
OTOOL64=''
OTOOL=''
PACKAGE='g6k-kernel'
PACKAGE_BUGREPORT=''
PACKAGE_NAME='g6k-kernel'
PACKAGE_STRING='g6k-kernel 0.1.2'
PACKAGE_TARNAME='g6k-kernel'
PACKAGE_URL=''
PACKAGE_VERSION='0.1.2'
PATH_SEPARATOR=':'
PTHREAD_CC='gcc'
PTHREAD_CFLAGS='-pthread'
PTHREAD_LIBS='-lpthread'
RANLIB='ranlib'
SED='/usr/bin/sed'
SET_MAKE=''
SHELL='/bin/bash'
SIMD_FLAGS=' -mmmx -msse -msse2 -msse3 -mssse3 -msse4.1 -msse4.2 -maes -mavx -mfma -mavx2'
STRIP='strip'
VERSION='0.1.2'
ac_ct_AR='ar'
ac_ct_CC='gcc'
ac_ct_CXX='g++'
ac_ct_DUMPBIN=''
am__EXEEXT_FALSE=''
am__EXEEXT_TRUE='#'
am__fastdepCC_FALSE='#'
am__fastdepCC_TRUE=''
am__fastdepCXX_FALSE='#'
am__fastdepCXX_TRUE=''
am__include='include'
am__isrc=''
am__leading_dot='.'
am__nodep='_no'
am__quote=''
am__tar='$${TAR-tar} chof - "$$tardir"'
am__untar='$${TAR-tar} xf -'
ax_pthread_config=''
bindir='${exec_prefix}/bin'
build='x86_64-pc-linux-gnu'
build_alias=''
build_cpu='x86_64'
build_os='linux-gnu'
build_vendor='pc'
datadir='${datarootdir}'
datarootdir='${prefix}/share'
docdir='${datarootdir}/doc/${PACKAGE_TARNAME}'
dvidir='${docdir}'
exec_prefix='${prefix}'
host='x86_64-pc-linux-gnu'
host_alias=''
host_cpu='x86_64'
host_os='linux-gnu'
host_vendor='pc'
htmldir='${docdir}'
includedir='${prefix}/include'
infodir='${datarootdir}/info'
install_sh='${SHELL} /home/summer/lattice-experiments/test-for-refined-lwe-estimator/install-sh'
libdir='${exec_prefix}/lib'
libexecdir='${exec_prefix}/libexec'
localedir='${datarootdir}/locale'
localstatedir='${prefix}/var'
mandir='${datarootdir}/man'
mkdir_p='$(MKDIR_P)'
oldincludedir='/usr/include'
pdfdir='${docdir}'
prefix='/usr/local'
program_transform_name='s,x,x,'
psdir='${docdir}'
runstatedir='${localstatedir}/run'
sbindir='${exec_prefix}/sbin'
sharedstatedir='${prefix}/com'
sysconfdir='${prefix}/etc'
target_alias=''

## ----------- ##
## confdefs.h. ##
## ----------- ##

/* confdefs.h */
#define PACKAGE_NAME "g6k-kernel"
#define PACKAGE_TARNAME "g6k-kernel"
#define PACKAGE_VERSION "0.1.2"
#define PACKAGE_STRING "g6k-kernel 0.1.2"
#define PACKAGE_BUGREPORT ""
#define PACKAGE_URL ""
#define PACKAGE "g6k-kernel"
#define VERSION "0.1.2"
#define G6K_MAJOR_VERSION 0
#define G6K_MINOR_VERSION 1
#define G6K_MICRO_VERSION 2
#define G6K_VERSION 0.1.2
#define G6K_VERSION_INFO 
#define STDC_HEADERS 1
#define HAVE_SYS_TYPES_H 1
#define HAVE_SYS_STAT_H 1
#define HAVE_STDLIB_H 1
#define HAVE_STRING_H 1
#define HAVE_MEMORY_H 1
#define HAVE_STRINGS_H 1
#define HAVE_INTTYPES_H 1
#define HAVE_STDINT_H 1
#define HAVE_UNISTD_H 1
#define HAVE_DLFCN_H 1
#define LT_OBJDIR ".libs/"
#define HAVE_CXX11 1
#define HAVE_PTHREAD_PRIO_INHERIT 1
#define HAVE_PTHREAD 1
#define HAVE_RDRND 1
#define HAVE_BMI1 1
#define HAVE_BMI2 1
#define HAVE_ADX 1
#define HAVE_MPX 1
#define HAVE_ABM 1
#define HAVE_MMX 1
#define HAVE_SSE 1
#define HAVE_SSE2 1
#define HAVE_SSE3 1
#define HAVE_SSSE3 1
#define HAVE_SSE4_1 1
#define HAVE_SSE4_2 1
#define HAVE_AES 1
#define HAVE_AVX 1
#define HAVE_FMA3 1
#define HAVE_AVX2 1
#define MAX_SIEVING_DIM 128
#define XPC_BUCKET_THRESHOLD 102
#define XPC_THRESHOLD 96

configure: exit 0

## ---------------------- ##
## Running config.status. ##
## ---------------------- ##

This file was extended by g6k-kernel config.status 0.1.2, which was
generated by GNU Autoconf 2.69.  Invocation command line was

  CONFIG_FILES    = 
  CONFIG_HEADERS  = 
  CONFIG_LINKS    = 
  CONFIG_COMMANDS = 
  $ ./config.status 

on summer-HP-EliteDesk-800-G5-SFF

config.status:1187: creating Makefile
config.status:1187: creating kernel/Makefile
config.status:1187: creating g6k.pc
config.status:1187: creating kernel/g6k_config.h
config.status:1368: kernel/g6k_config.h is unchanged
config.status:1416: executing depfiles commands
config.status:1493: cd kernel       && sed -e '/# am--include-marker/d' Makefile         | make -f - am--depfiles
make[1]: Entering directory '/home/summer/lattice-experiments/test-for-refined-lwe-estimator/kernel'
make[1]: Nothing to be done for 'am--depfiles'.
make[1]: Leaving directory '/home/summer/lattice-experiments/test-for-refined-lwe-estimator/kernel'
config.status:1498: $? = 0
config.status:1416: executing libtool commands

## ---------------------- ##
## Running config.status. ##
## ---------------------- ##

This file was extended by g6k-kernel config.status 0.1.2, which was
generated by GNU Autoconf 2.69.  Invocation command line was

  CONFIG_FILES    = 
  CONFIG_HEADERS  = 
  CONFIG_LINKS    = 
  CONFIG_COMMANDS = 
  $ ./config.status kernel/g6k_config.h

on summer-HP-EliteDesk-800-G5-SFF

config.status:1187: creating kernel/g6k_config.h
config.status:1368: kernel/g6k_config.h is unchanged
